ERROR - 2024-01-15 20:56:13 --> mysqli_sql_exception: Table 'siscons.sys_menu' doesn't exist in C:\xampp\htdocs\ciconselhos\system\Database\MySQLi\Connection.php:306
Stack trace:
#0 C:\xampp\htdocs\ciconselhos\system\Database\MySQLi\Connection.php(306): mysqli->query('SELECT *\nFROM `...', 0)
#1 C:\xampp\htdocs\ciconselhos\system\Database\BaseConnection.php(693): CodeIgniter\Database\MySQLi\Connection->execute('SELECT *\nFROM `...')
#2 C:\xampp\htdocs\ciconselhos\system\Database\BaseConnection.php(607): CodeIgniter\Database\BaseConnection->simpleQuery('SELECT *\nFROM `...')
#3 C:\xampp\htdocs\ciconselhos\system\Database\BaseBuilder.php(1613): CodeIgniter\Database\BaseConnection->query('SELECT *\nFROM `...', Array, false)
#4 C:\xampp\htdocs\ciconselhos\system\Model.php(242): CodeIgniter\Database\BaseBuilder->get()
#5 C:\xampp\htdocs\ciconselhos\system\BaseModel.php(638): CodeIgniter\Model->doFindAll(0, 0)
#6 C:\xampp\htdocs\ciconselhos\app\Views\template\sidebar.php(6): CodeIgniter\BaseModel->findAll()
#7 C:\xampp\htdocs\ciconselhos\system\View\View.php(228): include('C:\\xampp\\htdocs...')
#8 C:\xampp\htdocs\ciconselhos\system\View\View.php(231): CodeIgniter\View\View->CodeIgniter\View\{closure}()
#9 C:\xampp\htdocs\ciconselhos\system\View\View.php(469): CodeIgniter\View\View->render('template/sideba...', NULL, true)
#10 C:\xampp\htdocs\ciconselhos\app\Views\dashboard.php(12): CodeIgniter\View\View->include('template/sideba...')
#11 C:\xampp\htdocs\ciconselhos\system\View\View.php(228): include('C:\\xampp\\htdocs...')
#12 C:\xampp\htdocs\ciconselhos\system\View\View.php(231): CodeIgniter\View\View->CodeIgniter\View\{closure}()
#13 C:\xampp\htdocs\ciconselhos\system\Common.php(1178): CodeIgniter\View\View->render('dashboard', Array, true)
#14 C:\xampp\htdocs\ciconselhos\app\Controllers\Home.php(9): view('dashboard')
#15 C:\xampp\htdocs\ciconselhos\system\CodeIgniter.php(941): App\Controllers\Home->index()
#16 C:\xampp\htdocs\ciconselhos\system\CodeIgniter.php(502): CodeIgniter\CodeIgniter->runController(Object(App\Controllers\Home))
#17 C:\xampp\htdocs\ciconselhos\system\CodeIgniter.php(361): CodeIgniter\CodeIgniter->handleRequest(NULL, Object(Config\Cache), false)
#18 C:\xampp\htdocs\ciconselhos\index.php(79): CodeIgniter\CodeIgniter->run()
#19 {main}
CRITICAL - 2024-01-15 20:56:13 --> CodeIgniter\Database\Exceptions\DatabaseException: Table 'siscons.sys_menu' doesn't exist
in SYSTEMPATH\Database\BaseConnection.php on line 647.
 1 SYSTEMPATH\Database\BaseBuilder.php(1613): CodeIgniter\Database\BaseConnection->query('SELECT *
FROM `sys_menu`', [], false)
 2 SYSTEMPATH\Model.php(242): CodeIgniter\Database\BaseBuilder->get()
 3 SYSTEMPATH\BaseModel.php(638): CodeIgniter\Model->doFindAll(0, 0)
 4 APPPATH\Views\template\sidebar.php(6): CodeIgniter\BaseModel->findAll()
 5 SYSTEMPATH\View\View.php(228): include('C:\\xampp\\htdocs\\ciconselhos\\app\\Views\\template\\sidebar.php')
 6 SYSTEMPATH\View\View.php(231): CodeIgniter\View\View->CodeIgniter\View\{closure}()
 7 SYSTEMPATH\View\View.php(469): CodeIgniter\View\View->render('template/sidebar', null, true)
 8 APPPATH\Views\dashboard.php(12): CodeIgniter\View\View->include('template/sidebar')
 9 SYSTEMPATH\View\View.php(228): include('C:\\xampp\\htdocs\\ciconselhos\\app\\Views\\dashboard.php')
10 SYSTEMPATH\View\View.php(231): CodeIgniter\View\View->CodeIgniter\View\{closure}()
11 SYSTEMPATH\Common.php(1178): CodeIgniter\View\View->render('dashboard', [], true)
12 APPPATH\Controllers\Home.php(9): view('dashboard')
13 SYSTEMPATH\CodeIgniter.php(941): App\Controllers\Home->index()
14 SYSTEMPATH\CodeIgniter.php(502): CodeIgniter\CodeIgniter->runController(Object(App\Controllers\Home))
15 SYSTEMPATH\CodeIgniter.php(361): CodeIgniter\CodeIgniter->handleRequest(null, Object(Config\Cache), false)
16 FCPATH\index.php(79): CodeIgniter\CodeIgniter->run()
CRITICAL - 2024-01-15 20:56:13 --> [Caused by] CodeIgniter\Database\Exceptions\DatabaseException: Table 'siscons.sys_menu' doesn't exist
in SYSTEMPATH\Database\MySQLi\Connection.php on line 311.
 1 SYSTEMPATH\Database\BaseConnection.php(693): CodeIgniter\Database\MySQLi\Connection->execute('SELECT *
FROM `sys_menu`')
 2 SYSTEMPATH\Database\BaseConnection.php(607): CodeIgniter\Database\BaseConnection->simpleQuery('SELECT *
FROM `sys_menu`')
 3 SYSTEMPATH\Database\BaseBuilder.php(1613): CodeIgniter\Database\BaseConnection->query('SELECT *
FROM `sys_menu`', [], false)
 4 SYSTEMPATH\Model.php(242): CodeIgniter\Database\BaseBuilder->get()
 5 SYSTEMPATH\BaseModel.php(638): CodeIgniter\Model->doFindAll(0, 0)
 6 APPPATH\Views\template\sidebar.php(6): CodeIgniter\BaseModel->findAll()
 7 SYSTEMPATH\View\View.php(228): include('C:\\xampp\\htdocs\\ciconselhos\\app\\Views\\template\\sidebar.php')
 8 SYSTEMPATH\View\View.php(231): CodeIgniter\View\View->CodeIgniter\View\{closure}()
 9 SYSTEMPATH\View\View.php(469): CodeIgniter\View\View->render('template/sidebar', null, true)
10 APPPATH\Views\dashboard.php(12): CodeIgniter\View\View->include('template/sidebar')
11 SYSTEMPATH\View\View.php(228): include('C:\\xampp\\htdocs\\ciconselhos\\app\\Views\\dashboard.php')
12 SYSTEMPATH\View\View.php(231): CodeIgniter\View\View->CodeIgniter\View\{closure}()
13 SYSTEMPATH\Common.php(1178): CodeIgniter\View\View->render('dashboard', [], true)
14 APPPATH\Controllers\Home.php(9): view('dashboard')
15 SYSTEMPATH\CodeIgniter.php(941): App\Controllers\Home->index()
16 SYSTEMPATH\CodeIgniter.php(502): CodeIgniter\CodeIgniter->runController(Object(App\Controllers\Home))
17 SYSTEMPATH\CodeIgniter.php(361): CodeIgniter\CodeIgniter->handleRequest(null, Object(Config\Cache), false)
18 FCPATH\index.php(79): CodeIgniter\CodeIgniter->run()
CRITICAL - 2024-01-15 20:56:13 --> [Caused by] mysqli_sql_exception: Table 'siscons.sys_menu' doesn't exist
in SYSTEMPATH\Database\MySQLi\Connection.php on line 306.
 1 SYSTEMPATH\Database\MySQLi\Connection.php(306): mysqli->query('SELECT *
FROM `sys_menu`', 0)
 2 SYSTEMPATH\Database\BaseConnection.php(693): CodeIgniter\Database\MySQLi\Connection->execute('SELECT *
FROM `sys_menu`')
 3 SYSTEMPATH\Database\BaseConnection.php(607): CodeIgniter\Database\BaseConnection->simpleQuery('SELECT *
FROM `sys_menu`')
 4 SYSTEMPATH\Database\BaseBuilder.php(1613): CodeIgniter\Database\BaseConnection->query('SELECT *
FROM `sys_menu`', [], false)
 5 SYSTEMPATH\Model.php(242): CodeIgniter\Database\BaseBuilder->get()
 6 SYSTEMPATH\BaseModel.php(638): CodeIgniter\Model->doFindAll(0, 0)
 7 APPPATH\Views\template\sidebar.php(6): CodeIgniter\BaseModel->findAll()
 8 SYSTEMPATH\View\View.php(228): include('C:\\xampp\\htdocs\\ciconselhos\\app\\Views\\template\\sidebar.php')
 9 SYSTEMPATH\View\View.php(231): CodeIgniter\View\View->CodeIgniter\View\{closure}()
10 SYSTEMPATH\View\View.php(469): CodeIgniter\View\View->render('template/sidebar', null, true)
11 APPPATH\Views\dashboard.php(12): CodeIgniter\View\View->include('template/sidebar')
12 SYSTEMPATH\View\View.php(228): include('C:\\xampp\\htdocs\\ciconselhos\\app\\Views\\dashboard.php')
13 SYSTEMPATH\View\View.php(231): CodeIgniter\View\View->CodeIgniter\View\{closure}()
14 SYSTEMPATH\Common.php(1178): CodeIgniter\View\View->render('dashboard', [], true)
15 APPPATH\Controllers\Home.php(9): view('dashboard')
16 SYSTEMPATH\CodeIgniter.php(941): App\Controllers\Home->index()
17 SYSTEMPATH\CodeIgniter.php(502): CodeIgniter\CodeIgniter->runController(Object(App\Controllers\Home))
18 SYSTEMPATH\CodeIgniter.php(361): CodeIgniter\CodeIgniter->handleRequest(null, Object(Config\Cache), false)
19 FCPATH\index.php(79): CodeIgniter\CodeIgniter->run()
INFO - 2024-01-15 21:25:37 --> Session: Class initialized using 'CodeIgniter\Session\Handlers\FileHandler' driver.
INFO - 2024-01-15 21:25:37 --> Session: Class initialized using 'CodeIgniter\Session\Handlers\FileHandler' driver.
INFO - 2024-01-15 21:27:19 --> Session: Class initialized using 'CodeIgniter\Session\Handlers\FileHandler' driver.
INFO - 2024-01-15 21:27:20 --> Session: Class initialized using 'CodeIgniter\Session\Handlers\FileHandler' driver.
